<?xml version="1.0" encoding="UTF-8"?>
<testsuite xmlns:xsi="http://www.w3.org/2001/XMLSchema-instance" xsi:noNamespaceSchemaLocation="https://maven.apache.org/surefire/maven-surefire-plugin/xsd/surefire-test-report-3.0.xsd" version="3.0" name="com.portfolio.orders.service.OrderServiceTest" time="0.301" tests="4" errors="0" skipped="0" failures="0">
  <properties>
[...]
</properties>
  <testcase name="testGetOrderById_Found" classname="com.portfolio.orders.service.OrderServiceTest" time="0.273"/>
  <testcase name="testGetOrderById_NotFound" classname="com.portfolio.orders.service.OrderServiceTest" time="0.003"/>
  <testcase name="testCreateOrder_Success" classname="com.portfolio.orders.service.OrderServiceTest" time="0.017"/>
  <testcase name="testGetAllOrders" classname="com.portfolio.orders.service.OrderServiceTest" time="0.002"/>
</testsuite>